16592
16857
19448
19448
19448
19448
19448
19448
19448
19448
19448
19448
19448
19448
19448
19448
19448
19448
19448
19448
19448
19448
19448
19448
19448
19448
19448
19448
16544
16544
16544
16544
16544
16544
16544
16544
16544
16544
16544
16544
16544
16544
16544
16544
16040
16040
16040
16040
16040
16040
16040
16040
16040
16040
16040
16040
16040
16040
16040
16040
16040
16040
16040
16040
16040
16040
16040
16040
16040
16040
16040
16040
16040
16040
16040
16040
16040
16040
16040
16040
16040
16040
16040
16040
16040
16040
16040
16040
16040
16040
16040
16040
16040
16040
16040
16040
16040
16040
16040
16040
16040
16040
16040
16040
16040
16040
16040
16040
16040
16040
16040
16040
16040
16040
16040
16040
16040
16040
16040
16040
16040
16040
16040
16040
16040
16040
16040
16040
16040
16040
16040
16040
16040
16040
16040
16040
16040
16040
16040
16040
16040
16040
16040
16040
16040
16040
16040
16040
18264
